<?xml version="1.0" encoding="UTF-8"?>
<!-- Generated by org.testng.reporters.JUnitReportReporter -->
<testsuite skipped="0" hostname="sairam-PC" name="TestNG.addressbook" tests="1" failures="0" timestamp="25 Jun 2018 15:40:11 GMT" time="11.182" errors="0">
  <testcase name="addressbook" time="11.182" classname="TestNG.addressbook"/>
</testsuite> <!-- TestNG.addressbook -->
