<?xml version="1.0" encoding="UTF-8"?>
<!-- Generated by org.testng.reporters.JUnitReportReporter -->
<testsuite skipped="0" hostname="devops-master1.ppatel.tech" name="testNG.google" tests="1" failures="0" timestamp="04 May 2020 07:56:11 GMT" time="17.268" errors="0">
  <testcase name="google1" time="17.268" classname="testNG.google"/>
</testsuite> <!-- testNG.google -->
