<?xml version="1.0" encoding="UTF-8"?>
<!-- Generated by org.testng.reporters.JUnitReportReporter -->
<testsuite skipped="0" hostname="devops-master1.ppatel.tech" name="testNG.Module8_Assignment_SE_Grid" tests="1" failures="0" timestamp="04 May 2020 14:53:30 GMT" time="10.717" errors="0">
  <testcase name="bing" time="10.717" classname="testNG.Module8_Assignment_SE_Grid"/>
</testsuite> <!-- testNG.Module8_Assignment_SE_Grid -->
